<?xml version="1.0" encoding="UTF-8"?>
<!-- Generated by org.testng.reporters.JUnitXMLReporter -->
<testsuite ignored="0" hostname="ChiruR" failures="0" tests="5" name="Test" time="36.727" errors="0" timestamp="2023-01-11T08:31:06 CST">
  <testcase classname="com.amazon.customer.login.page.LoginTest" name="TestingBypassingInvalidpassword" time="5.678"/>
  <testcase classname="com.amazon.customer.login.page.LoginTest" name="TestingBypassingValiduserdata" time="5.519"/>
  <testcase classname="com.amazon.customer.login.page.LoginTest" name="TestingBypassingblankdata" time="2.221"/>
  <testcase classname="com.amazon.customer.login.page.LoginTest" name="TestingForgotPasswordField" time="3.498"/>
  <testcase classname="com.amazon.customer.login.page.LoginTest" name="testwithvaliddata" time="5.305"/>
</testsuite> <!-- Test -->
