<?xml version="1.0" encoding="UTF-8"?>
<testng-results ignored="0" total="0" passed="0" failed="0" skipped="0">
  <reporter-output>
  </reporter-output>
  <suite started-at="2022-08-30T13:32:41Z" name="com.amazon.customer.login.page.LoginTest" finished-at="2022-08-30T13:32:41Z" duration-ms="2">
    <groups>
    </groups>
    <test started-at="2022-08-30T13:32:41Z" name="Command line test" finished-at="2022-08-30T13:32:41Z" duration-ms="2">
    </test> <!-- Command line test -->
  </suite> <!-- com.amazon.customer.login.page.LoginTest -->
</testng-results>
