<?xml version="1.0" encoding="UTF-8"?>
<testng-results ignored="0" total="5" passed="5" failed="0" skipped="0">
  <reporter-output>
  </reporter-output>
  <suite started-at="2023-01-11T08:30:30 CST" name="Suite" finished-at="2023-01-11T08:31:06 CST" duration-ms="36727">
    <groups>
    </groups>
    <test started-at="2023-01-11T08:30:30 CST" name="Test" finished-at="2023-01-11T08:31:06 CST" duration-ms="36727">
      <class name="com.amazon.customer.login.page.LoginTest">
        <test-method is-config="true" signature="setup()[pri:0, instance:com.amazon.customer.login.page.LoginTest@3f6b0be5]" started-at="2023-01-11T08:30:30 CST" name="setup" finished-at="2023-01-11T08:30:34 CST" duration-ms="4050" status="PASS">
          <reporter-output>
          </reporter-output>
        </test-method> <!-- setup -->
        <test-method is-config="true" signature="getbaseurl()[pri:0, instance:com.amazon.customer.login.page.LoginTest@3f6b0be5]" started-at="2023-01-11T08:30:34 CST" name="getbaseurl" finished-at="2023-01-11T08:30:35 CST" duration-ms="988" status="PASS">
          <reporter-output>
          </reporter-output>
        </test-method> <!-- getbaseurl -->
        <test-method signature="TestingBypassingInvalidpassword(java.lang.String,java.lang.String)[pri:0, instance:com.amazon.customer.login.page.LoginTest@3f6b0be5]" started-at="2023-01-11T08:30:35 CST" name="TestingBypassingInvalidpassword" data-provider="validuseridinvalidpassword" finished-at="2023-01-11T08:30:41 CST" duration-ms="5678" status="PASS">
          <params>
            <param index="0">
              <value>
                <![CDATA[susmitha737701@gmail.com]]>
              </value>
            </param>
            <param index="1">
              <value>
                <![CDATA[susmi737]]>
              </value>
            </param>
          </params>
          <reporter-output>
          </reporter-output>
        </test-method> <!-- TestingBypassingInvalidpassword -->
        <test-method is-config="true" signature="clear()[pri:0, instance:com.amazon.customer.login.page.LoginTest@3f6b0be5]" started-at="2023-01-11T08:30:41 CST" name="clear" finished-at="2023-01-11T08:30:41 CST" duration-ms="281" status="PASS">
          <reporter-output>
          </reporter-output>
        </test-method> <!-- clear -->
        <test-method is-config="true" signature="setup()[pri:0, instance:com.amazon.customer.login.page.LoginTest@3f6b0be5]" started-at="2023-01-11T08:30:41 CST" name="setup" finished-at="2023-01-11T08:30:42 CST" duration-ms="1104" status="PASS">
          <reporter-output>
          </reporter-output>
        </test-method> <!-- setup -->
        <test-method is-config="true" signature="getbaseurl()[pri:0, instance:com.amazon.customer.login.page.LoginTest@3f6b0be5]" started-at="2023-01-11T08:30:42 CST" name="getbaseurl" finished-at="2023-01-11T08:30:43 CST" duration-ms="849" status="PASS">
          <reporter-output>
          </reporter-output>
        </test-method> <!-- getbaseurl -->
        <test-method signature="TestingBypassingValiduserdata(java.lang.String,java.lang.String)[pri:0, instance:com.amazon.customer.login.page.LoginTest@3f6b0be5]" started-at="2023-01-11T08:30:43 CST" name="TestingBypassingValiduserdata" data-provider="validuserdata" finished-at="2023-01-11T08:30:49 CST" duration-ms="5519" status="PASS">
          <params>
            <param index="0">
              <value>
                <![CDATA[susmitha737701@gmail.com]]>
              </value>
            </param>
            <param index="1">
              <value>
                <![CDATA[]]>
              </value>
            </param>
          </params>
          <reporter-output>
          </reporter-output>
        </test-method> <!-- TestingBypassingValiduserdata -->
        <test-method is-config="true" signature="clear()[pri:0, instance:com.amazon.customer.login.page.LoginTest@3f6b0be5]" started-at="2023-01-11T08:30:49 CST" name="clear" finished-at="2023-01-11T08:30:49 CST" duration-ms="260" status="PASS">
          <reporter-output>
          </reporter-output>
        </test-method> <!-- clear -->
        <test-method is-config="true" signature="setup()[pri:0, instance:com.amazon.customer.login.page.LoginTest@3f6b0be5]" started-at="2023-01-11T08:30:49 CST" name="setup" finished-at="2023-01-11T08:30:50 CST" duration-ms="1119" status="PASS">
          <reporter-output>
          </reporter-output>
        </test-method> <!-- setup -->
        <test-method is-config="true" signature="getbaseurl()[pri:0, instance:com.amazon.customer.login.page.LoginTest@3f6b0be5]" started-at="2023-01-11T08:30:50 CST" name="getbaseurl" finished-at="2023-01-11T08:30:51 CST" duration-ms="853" status="PASS">
          <reporter-output>
          </reporter-output>
        </test-method> <!-- getbaseurl -->
        <test-method signature="TestingBypassingblankdata(java.lang.String,java.lang.String)[pri:0, instance:com.amazon.customer.login.page.LoginTest@3f6b0be5]" started-at="2023-01-11T08:30:51 CST" name="TestingBypassingblankdata" data-provider="blankdata" finished-at="2023-01-11T08:30:53 CST" duration-ms="2221" status="PASS">
          <params>
            <param index="0">
              <value>
                <![CDATA[]]>
              </value>
            </param>
            <param index="1">
              <value>
                <![CDATA[]]>
              </value>
            </param>
          </params>
          <reporter-output>
          </reporter-output>
        </test-method> <!-- TestingBypassingblankdata -->
        <test-method is-config="true" signature="clear()[pri:0, instance:com.amazon.customer.login.page.LoginTest@3f6b0be5]" started-at="2023-01-11T08:30:53 CST" name="clear" finished-at="2023-01-11T08:30:53 CST" duration-ms="166" status="PASS">
          <reporter-output>
          </reporter-output>
        </test-method> <!-- clear -->
        <test-method is-config="true" signature="setup()[pri:0, instance:com.amazon.customer.login.page.LoginTest@3f6b0be5]" started-at="2023-01-11T08:30:53 CST" name="setup" finished-at="2023-01-11T08:30:54 CST" duration-ms="1104" status="PASS">
          <reporter-output>
          </reporter-output>
        </test-method> <!-- setup -->
        <test-method is-config="true" signature="getbaseurl()[pri:0, instance:com.amazon.customer.login.page.LoginTest@3f6b0be5]" started-at="2023-01-11T08:30:54 CST" name="getbaseurl" finished-at="2023-01-11T08:30:55 CST" duration-ms="755" status="PASS">
          <reporter-output>
          </reporter-output>
        </test-method> <!-- getbaseurl -->
        <test-method signature="TestingForgotPasswordField(java.lang.String,java.lang.String)[pri:0, instance:com.amazon.customer.login.page.LoginTest@3f6b0be5]" started-at="2023-01-11T08:30:55 CST" name="TestingForgotPasswordField" data-provider="forgotPassword" finished-at="2023-01-11T08:30:59 CST" duration-ms="3498" status="PASS">
          <params>
            <param index="0">
              <value>
                <![CDATA[susmitha737701@gmail.com]]>
              </value>
            </param>
            <param index="1">
              <value>
                <![CDATA[]]>
              </value>
            </param>
          </params>
          <reporter-output>
          </reporter-output>
        </test-method> <!-- TestingForgotPasswordField -->
        <test-method is-config="true" signature="clear()[pri:0, instance:com.amazon.customer.login.page.LoginTest@3f6b0be5]" started-at="2023-01-11T08:30:59 CST" name="clear" finished-at="2023-01-11T08:30:59 CST" duration-ms="207" status="PASS">
          <reporter-output>
          </reporter-output>
        </test-method> <!-- clear -->
        <test-method is-config="true" signature="setup()[pri:0, instance:com.amazon.customer.login.page.LoginTest@3f6b0be5]" started-at="2023-01-11T08:30:59 CST" name="setup" finished-at="2023-01-11T08:31:00 CST" duration-ms="1100" status="PASS">
          <reporter-output>
          </reporter-output>
        </test-method> <!-- setup -->
        <test-method is-config="true" signature="getbaseurl()[pri:0, instance:com.amazon.customer.login.page.LoginTest@3f6b0be5]" started-at="2023-01-11T08:31:00 CST" name="getbaseurl" finished-at="2023-01-11T08:31:01 CST" duration-ms="791" status="PASS">
          <reporter-output>
          </reporter-output>
        </test-method> <!-- getbaseurl -->
        <test-method signature="testwithvaliddata(java.lang.String,java.lang.String)[pri:0, instance:com.amazon.customer.login.page.LoginTest@3f6b0be5]" started-at="2023-01-11T08:31:01 CST" name="testwithvaliddata" data-provider="logindata" finished-at="2023-01-11T08:31:06 CST" duration-ms="5305" status="PASS">
          <params>
            <param index="0">
              <value>
                <![CDATA[susmitha737701@gmail.com]]>
              </value>
            </param>
            <param index="1">
              <value>
                <![CDATA[susmi@737]]>
              </value>
            </param>
          </params>
          <reporter-output>
          </reporter-output>
        </test-method> <!-- testwithvaliddata -->
        <test-method is-config="true" signature="clear()[pri:0, instance:com.amazon.customer.login.page.LoginTest@3f6b0be5]" started-at="2023-01-11T08:31:06 CST" name="clear" finished-at="2023-01-11T08:31:06 CST" duration-ms="251" status="PASS">
          <reporter-output>
          </reporter-output>
        </test-method> <!-- clear -->
      </class> <!-- com.amazon.customer.login.page.LoginTest -->
    </test> <!-- Test -->
  </suite> <!-- Suite -->
</testng-results>
